 Diffraction intensities for potential:pot10001.in                             
 Required number of z grid points, m =          550
 Number of diffraction channels, n =         102
# Diffraction Probabilities at:
# ------------------------------------
 # Beam energy           ei = 0.2000E+02
 # Polar angle        theta =   0.300000E+02  0.000000E+00
#     -4    -1          0.106161E-02
#     -4     0          0.139205E-02
#     -4     1          0.106161E-02
#     -3    -2          0.749058E-02
#     -3    -1          0.288746E-01
#     -3     0          0.206047E-01
#     -3     1          0.288746E-01
#     -3     2          0.749058E-02
#     -2    -2          0.473725E-01
#     -2    -1          0.831385E-01
#     -2     0          0.287208E-01
#     -2     1          0.831385E-01
#     -2     2          0.473725E-01
#     -1    -2          0.540619E-01
#     -1    -1          0.774560E-01
#     -1     0          0.111715E-01
#     -1     1          0.774560E-01
#     -1     2          0.540619E-01
#      0    -2          0.221086E-01
#      0    -1          0.206786E-01
#      0     0          0.245278E-01
#      0     1          0.206786E-01
#      0     2          0.221086E-01
#      1    -1          0.100728E+00
#      1     0          0.276419E-01
#      1     1          0.100728E+00
